빌드 시작: 2017-10-18 오전 11:06:00
     1>2 노드의 "D:\Project\디지티\LED_DisplayInspect\LED_DisplayInspect.vcxproj" 프로젝트(build 대상)입니다.
     1>InitializeBuildStatus:
         "Debug\LED_DisplayInspect.unsuccessfulbuild"에 연결(touching)하고 있습니다.
       ClCompile:
         C:\Program Files (x86)\Microsoft Visual Studio 10.0\VC\bin\CL.exe /c /I"C:\Program Files\Basler\pylon 3.2\pylonc\bin\Win32" /I"C:\Program Files\Basler\pylon 3.2\pylonc\include" /I"C:\Program Files (x86)\Matrox Imaging\MIL\Include" /I"C:\Program Files (x86)\FASTECH\EziMOTION_PlusR\Include" /I"C:\Program Files\FASTECH\EziMOTION_PlusR\Include" /I"C:\Program Files\Basler\pylon 3.2\genicam\bin\win32_i86" /I"C:\Program Files\Basler\pylon 3.2\genicam\library\cpp\include" /I"C:\Program Files\Basler\Pylon 3.2\pylonc\include" /I"C:\Program Files\Matrox Imaging\MIL\DLL" /I"C:\Program Files\Matrox Imaging\MIL\Include" /I"C:\Program Files\3D Active Button Magic\Wrappers\cpp.net" /I./Source/Camera /I./Source/Util /I./Source/Dialog /I./Source/Include /I./Source/Grid/Skel /I./Source/Grid/include /I./Source/Grid/grid /I./ /ZI /nologo /W3 /WX- /Od /Oy- /D WIN32 /D _WINDOWS /D _DEBUG /D _CRT_SECURE_NO_WARNINGS /D _CRT_SECURE_NO_DEPRECATE /D _MBCS /D _AFXDLL /Gm /EHsc /RTC1 /MDd /GS /fp:precise /Zc:wchar_t /Zc:forScope /Yc"StdAfx.h" /Fp"Debug\LED_DisplayInspect.pch" /Fo"Debug\\" /Fd"Debug\vc100.pdb" /Gd /TP /wd4819 /wd4005 /analyze- /errorReport:prompt stdafx.cpp
         stdafx.cpp
         C:\Program Files (x86)\Microsoft Visual Studio 10.0\VC\bin\CL.exe /c /I"C:\Program Files\Basler\pylon 3.2\pylonc\bin\Win32" /I"C:\Program Files\Basler\pylon 3.2\pylonc\include" /I"C:\Program Files (x86)\Matrox Imaging\MIL\Include" /I"C:\Program Files (x86)\FASTECH\EziMOTION_PlusR\Include" /I"C:\Program Files\FASTECH\EziMOTION_PlusR\Include" /I"C:\Program Files\Basler\pylon 3.2\genicam\bin\win32_i86" /I"C:\Program Files\Basler\pylon 3.2\genicam\library\cpp\include" /I"C:\Program Files\Basler\Pylon 3.2\pylonc\include" /I"C:\Program Files\Matrox Imaging\MIL\DLL" /I"C:\Program Files\Matrox Imaging\MIL\Include" /I"C:\Program Files\3D Active Button Magic\Wrappers\cpp.net" /I./Source/Camera /I./Source/Util /I./Source/Dialog /I./Source/Include /I./Source/Grid/Skel /I./Source/Grid/include /I./Source/Grid/grid /I./ /ZI /nologo /W3 /WX- /Od /Oy- /D WIN32 /D _WINDOWS /D _DEBUG /D _CRT_SECURE_NO_WARNINGS /D _CRT_SECURE_NO_DEPRECATE /D _MBCS /D _AFXDLL /Gm /EHsc /RTC1 /MDd /GS /fp:precise /Zc:wchar_t /Zc:forScope /Yu"StdAfx.h" /Fp"Debug\LED_DisplayInspect.pch" /Fo"Debug\\" /Fd"Debug\vc100.pdb" /Gd /TP /wd4819 /wd4005 /analyze- /errorReport:prompt LED_DisplayInspect.cpp LED_DisplayInspectDlg.cpp Source\Camera\BaslerManage.cpp Source\Camera\MilManage.cpp Source\Dialog\DialogChangePassword.cpp Source\Dialog\DialogData.cpp Source\Dialog\DialogImageRect.cpp Source\Dialog\DialogJog.cpp Source\Dialog\DialogManual.cpp Source\Dialog\DialogModel.cpp Source\Dialog\DialogNgView.cpp Source\Dialog\DialogTeach.cpp Source\Dialog\DialogVerify.cpp Source\Grid\Skel\MyCUG.cpp Source\Grid\grid\UGCBType.cpp Source\Grid\grid\UGCTarrw.cpp Source\Grid\grid\UGCelTyp.cpp Source\Grid\grid\UGCell.cpp Source\Grid\grid\UGCnrBtn.cpp Source\Grid\grid\UGCtrl.cpp Source\Grid\grid\UGDLType.cpp Source\Grid\grid\UGDrgDrp.cpp Source\Grid\grid\UGDrwHnt.cpp Source\Grid\grid\UGDtaSrc.cpp Source\Grid\grid\UGEdit.cpp Source\Grid\grid\UGEditBase.cpp Source\Grid\grid\UGGrid.cpp Source\Grid\grid\UGHint.cpp Source\Grid\grid\UGMEdit.cpp Source\Grid\grid\UGMemMan.cpp Source\Grid\grid\UGMultiS.cpp Source\Grid\grid\UGStrOp.cpp Source\Grid\grid\UGTopHdg.cpp Source\Grid\grid\UGXPThemes.cpp Source\Grid\grid\ugLstBox.cpp Source\Grid\grid\ugformat.cpp Source\Grid\grid\uggdinfo.cpp Source\Grid\grid\ughscrol.cpp Source\Grid\grid\ugprint.cpp Source\Grid\grid\ugptrlst.cpp Source\Grid\grid\ugsidehd.cpp Source\Grid\grid\ugtab.cpp Source\Grid\grid\ugvscrol.cpp Source\OCX\btnenh.cpp Source\Util\DialogLogAlarm.cpp Source\Util\DialogNumberBox.cpp Source\Util\DialogParameterLock.cpp Source\Util\DialogProcessBar.cpp Source\Util\DialogTextBox.cpp Source\Util\SerialPort.cpp Source\Util\_CtrlTracker.cpp Source\Util\dRect.cpp
         DialogParameterLock.cpp
     1>c:\program files\matrox imaging\mil\include\mildyn.h(12): fatal error C1189: #error :  "Win64 installation: Please select the x64 configuration."
         DialogLogAlarm.cpp
     1>c:\program files\matrox imaging\mil\include\mildyn.h(12): fatal error C1189: #error :  "Win64 installation: Please select the x64 configuration."
         MyCUG.cpp
     1>c:\program files\matrox imaging\mil\include\mildyn.h(12): fatal error C1189: #error :  "Win64 installation: Please select the x64 configuration."
         DialogVerify.cpp
     1>c:\program files\matrox imaging\mil\include\mildyn.h(12): fatal error C1189: #error :  "Win64 installation: Please select the x64 configuration."
         DialogTeach.cpp
     1>c:\program files\matrox imaging\mil\include\mildyn.h(12): fatal error C1189: #error :  "Win64 installation: Please select the x64 configuration."
         DialogNgView.cpp
     1>c:\program files\matrox imaging\mil\include\mildyn.h(12): fatal error C1189: #error :  "Win64 installation: Please select the x64 configuration."
         DialogManual.cpp
     1>c:\program files\matrox imaging\mil\include\mildyn.h(12): fatal error C1189: #error :  "Win64 installation: Please select the x64 configuration."
         DialogJog.cpp
     1>c:\program files\matrox imaging\mil\include\mildyn.h(12): fatal error C1189: #error :  "Win64 installation: Please select the x64 configuration."
         DialogImageRect.cpp
     1>c:\program files\matrox imaging\mil\include\mildyn.h(12): fatal error C1189: #error :  "Win64 installation: Please select the x64 configuration."
         DialogData.cpp
     1>c:\program files\matrox imaging\mil\include\mildyn.h(12): fatal error C1189: #error :  "Win64 installation: Please select the x64 configuration."
         BaslerManage.cpp
     1>d:\project\디지티\led_displayinspect\source\camera\baslermanage.h(11): fatal error C1083: 포함 파일을 열 수 없습니다. 'pylonc/PylonC.h': No such file or directory
         LED_DisplayInspectDlg.cpp
     1>c:\program files\matrox imaging\mil\include\mildyn.h(12): fatal error C1189: #error :  "Win64 installation: Please select the x64 configuration."
         LED_DisplayInspect.cpp
     1>c:\program files\matrox imaging\mil\include\mildyn.h(12): fatal error C1189: #error :  "Win64 installation: Please select the x64 configuration."
         코드를 생성하고 있습니다...
         컴파일하고 있습니다...
         MilManage.cpp
     1>c:\program files\matrox imaging\mil\include\mildyn.h(12): fatal error C1189: #error :  "Win64 installation: Please select the x64 configuration."
         코드를 생성하고 있습니다...
         컴파일하고 있습니다...
         DialogChangePassword.cpp
     1>c:\program files\matrox imaging\mil\include\mildyn.h(12): fatal error C1189: #error :  "Win64 installation: Please select the x64 configuration."
         코드를 생성하고 있습니다...
         컴파일하고 있습니다...
         DialogModel.cpp
     1>c:\program files\matrox imaging\mil\include\mildyn.h(12): fatal error C1189: #error :  "Win64 installation: Please select the x64 configuration."
         코드를 생성하고 있습니다...
         건너뛰고 있습니다... (관련된 변경 내용 없음)
         dRect.cpp
         _CtrlTracker.cpp
         SerialPort.cpp
         DialogTextBox.cpp
         DialogProcessBar.cpp
         DialogNumberBox.cpp
         btnenh.cpp
         ugvscrol.cpp
         ugtab.cpp
         ugsidehd.cpp
         ugptrlst.cpp
         ugprint.cpp
         ughscrol.cpp
         uggdinfo.cpp
         ugformat.cpp
         ugLstBox.cpp
         UGXPThemes.cpp
         UGTopHdg.cpp
         UGStrOp.cpp
         UGMultiS.cpp
         UGMemMan.cpp
         UGMEdit.cpp
         UGHint.cpp
         UGGrid.cpp
         UGEditBase.cpp
         UGEdit.cpp
         UGDtaSrc.cpp
         UGDrwHnt.cpp
         UGDrgDrp.cpp
         UGDLType.cpp
         UGCtrl.cpp
         UGCnrBtn.cpp
         UGCell.cpp
         UGCelTyp.cpp
         UGCTarrw.cpp
         UGCBType.cpp
     1>"D:\Project\디지티\LED_DisplayInspect\LED_DisplayInspect.vcxproj" 프로젝트를 빌드했습니다(build 대상). - 실패

빌드하지 못했습니다.

경과 시간: 00:00:10.82
