D:\LED_DISPLAYINSPECT\LED_DISPLAYINSPECT_20170109_0\DEBUG\_CTRLTRACKER.OBJ
D:\LED_DISPLAYINSPECT\LED_DISPLAYINSPECT_20170109_0\DEBUG\BASLERMANAGE.OBJ
D:\LED_DISPLAYINSPECT\LED_DISPLAYINSPECT_20170109_0\DEBUG\BTNENH.OBJ
D:\LED_DisplayInspect\LED_DisplayInspect_20170109_0\Debug\cl.command.1.tlog
D:\LED_DisplayInspect\LED_DisplayInspect_20170109_0\Debug\CL.read.1.tlog
D:\LED_DisplayInspect\LED_DisplayInspect_20170109_0\Debug\CL.write.1.tlog
D:\LED_DISPLAYINSPECT\LED_DISPLAYINSPECT_20170109_0\DEBUG\DIALOGCHANGEPASSWORD.OBJ
D:\LED_DISPLAYINSPECT\LED_DISPLAYINSPECT_20170109_0\DEBUG\DIALOGDATA.OBJ
D:\LED_DISPLAYINSPECT\LED_DISPLAYINSPECT_20170109_0\DEBUG\DIALOGIMAGERECT.OBJ
D:\LED_DISPLAYINSPECT\LED_DISPLAYINSPECT_20170109_0\DEBUG\DIALOGJOG.OBJ
D:\LED_DISPLAYINSPECT\LED_DISPLAYINSPECT_20170109_0\DEBUG\DIALOGLOGALARM.OBJ
D:\LED_DISPLAYINSPECT\LED_DISPLAYINSPECT_20170109_0\DEBUG\DIALOGMANUAL.OBJ
D:\LED_DISPLAYINSPECT\LED_DISPLAYINSPECT_20170109_0\DEBUG\DIALOGMODEL.OBJ
D:\LED_DISPLAYINSPECT\LED_DISPLAYINSPECT_20170109_0\DEBUG\DIALOGNGVIEW.OBJ
D:\LED_DISPLAYINSPECT\LED_DISPLAYINSPECT_20170109_0\DEBUG\DIALOGNUMBERBOX.OBJ
D:\LED_DISPLAYINSPECT\LED_DISPLAYINSPECT_20170109_0\DEBUG\DIALOGPARAMETERLOCK.OBJ
D:\LED_DISPLAYINSPECT\LED_DISPLAYINSPECT_20170109_0\DEBUG\DIALOGPROCESSBAR.OBJ
D:\LED_DISPLAYINSPECT\LED_DISPLAYINSPECT_20170109_0\DEBUG\DIALOGTEXTBOX.OBJ
D:\LED_DISPLAYINSPECT\LED_DISPLAYINSPECT_20170109_0\DEBUG\DIALOGVERIFY.OBJ
D:\LED_DISPLAYINSPECT\LED_DISPLAYINSPECT_20170109_0\DEBUG\DRECT.OBJ
D:\LED_DISPLAYINSPECT\LED_DISPLAYINSPECT_20170109_0\DEBUG\LED_DISPLAYINSPECT.OBJ
D:\LED_DISPLAYINSPECT\LED_DISPLAYINSPECT_20170109_0\DEBUG\LED_DISPLAYINSPECT.PCH
D:\LED_DisplayInspect\LED_DisplayInspect_20170109_0\Debug\LED_DisplayInspect.write.1.tlog
D:\LED_DISPLAYINSPECT\LED_DISPLAYINSPECT_20170109_0\DEBUG\LED_DISPLAYINSPECTDLG.OBJ
D:\LED_DISPLAYINSPECT\LED_DISPLAYINSPECT_20170109_0\DEBUG\MILMANAGE.OBJ
D:\LED_DISPLAYINSPECT\LED_DISPLAYINSPECT_20170109_0\DEBUG\MYCUG.OBJ
D:\LED_DISPLAYINSPECT\LED_DISPLAYINSPECT_20170109_0\DEBUG\SERIALPORT.OBJ
D:\LED_DISPLAYINSPECT\LED_DISPLAYINSPECT_20170109_0\DEBUG\STDAFX.OBJ
D:\LED_DISPLAYINSPECT\LED_DISPLAYINSPECT_20170109_0\DEBUG\UGCBTYPE.OBJ
D:\LED_DISPLAYINSPECT\LED_DISPLAYINSPECT_20170109_0\DEBUG\UGCELL.OBJ
D:\LED_DISPLAYINSPECT\LED_DISPLAYINSPECT_20170109_0\DEBUG\UGCELTYP.OBJ
D:\LED_DISPLAYINSPECT\LED_DISPLAYINSPECT_20170109_0\DEBUG\UGCNRBTN.OBJ
D:\LED_DISPLAYINSPECT\LED_DISPLAYINSPECT_20170109_0\DEBUG\UGCTARRW.OBJ
D:\LED_DISPLAYINSPECT\LED_DISPLAYINSPECT_20170109_0\DEBUG\UGCTRL.OBJ
D:\LED_DISPLAYINSPECT\LED_DISPLAYINSPECT_20170109_0\DEBUG\UGDLTYPE.OBJ
D:\LED_DISPLAYINSPECT\LED_DISPLAYINSPECT_20170109_0\DEBUG\UGDRGDRP.OBJ
D:\LED_DISPLAYINSPECT\LED_DISPLAYINSPECT_20170109_0\DEBUG\UGDRWHNT.OBJ
D:\LED_DISPLAYINSPECT\LED_DISPLAYINSPECT_20170109_0\DEBUG\UGDTASRC.OBJ
D:\LED_DISPLAYINSPECT\LED_DISPLAYINSPECT_20170109_0\DEBUG\UGEDIT.OBJ
D:\LED_DISPLAYINSPECT\LED_DISPLAYINSPECT_20170109_0\DEBUG\UGEDITBASE.OBJ
D:\LED_DISPLAYINSPECT\LED_DISPLAYINSPECT_20170109_0\DEBUG\UGFORMAT.OBJ
D:\LED_DISPLAYINSPECT\LED_DISPLAYINSPECT_20170109_0\DEBUG\UGGDINFO.OBJ
D:\LED_DISPLAYINSPECT\LED_DISPLAYINSPECT_20170109_0\DEBUG\UGGRID.OBJ
D:\LED_DISPLAYINSPECT\LED_DISPLAYINSPECT_20170109_0\DEBUG\UGHINT.OBJ
D:\LED_DISPLAYINSPECT\LED_DISPLAYINSPECT_20170109_0\DEBUG\UGHSCROL.OBJ
D:\LED_DISPLAYINSPECT\LED_DISPLAYINSPECT_20170109_0\DEBUG\UGLSTBOX.OBJ
D:\LED_DISPLAYINSPECT\LED_DISPLAYINSPECT_20170109_0\DEBUG\UGMEDIT.OBJ
D:\LED_DISPLAYINSPECT\LED_DISPLAYINSPECT_20170109_0\DEBUG\UGMEMMAN.OBJ
D:\LED_DISPLAYINSPECT\LED_DISPLAYINSPECT_20170109_0\DEBUG\UGMULTIS.OBJ
D:\LED_DISPLAYINSPECT\LED_DISPLAYINSPECT_20170109_0\DEBUG\UGPRINT.OBJ
D:\LED_DISPLAYINSPECT\LED_DISPLAYINSPECT_20170109_0\DEBUG\UGPTRLST.OBJ
D:\LED_DISPLAYINSPECT\LED_DISPLAYINSPECT_20170109_0\DEBUG\UGSIDEHD.OBJ
D:\LED_DISPLAYINSPECT\LED_DISPLAYINSPECT_20170109_0\DEBUG\UGSTROP.OBJ
D:\LED_DISPLAYINSPECT\LED_DISPLAYINSPECT_20170109_0\DEBUG\UGTAB.OBJ
D:\LED_DISPLAYINSPECT\LED_DISPLAYINSPECT_20170109_0\DEBUG\UGTOPHDG.OBJ
D:\LED_DISPLAYINSPECT\LED_DISPLAYINSPECT_20170109_0\DEBUG\UGVSCROL.OBJ
D:\LED_DISPLAYINSPECT\LED_DISPLAYINSPECT_20170109_0\DEBUG\UGXPTHEMES.OBJ
D:\LED_DisplayInspect\LED_DisplayInspect_20170109_0\Debug\vc100.idb
D:\LED_DISPLAYINSPECT\LED_DISPLAYINSPECT_20170109_0\DEBUG\VC100.PDB
