D:\LED_DISPLAYINSPECT\LED_DISPLAYINSPECT_20170109_0\RELEASE\_CTRLTRACKER.OBJ
D:\LED_DISPLAYINSPECT\LED_DISPLAYINSPECT_20170109_0\RELEASE\BASLERMANAGE.OBJ
D:\LED_DISPLAYINSPECT\LED_DISPLAYINSPECT_20170109_0\RELEASE\BTNENH.OBJ
D:\LED_DISPLAYINSPECT\LED_DISPLAYINSPECT_20170109_0\RELEASE\DIALOGCHANGEPASSWORD.OBJ
D:\LED_DISPLAYINSPECT\LED_DISPLAYINSPECT_20170109_0\RELEASE\DIALOGDATA.OBJ
D:\LED_DISPLAYINSPECT\LED_DISPLAYINSPECT_20170109_0\RELEASE\DIALOGIMAGERECT.OBJ
D:\LED_DISPLAYINSPECT\LED_DISPLAYINSPECT_20170109_0\RELEASE\DIALOGJOG.OBJ
D:\LED_DISPLAYINSPECT\LED_DISPLAYINSPECT_20170109_0\RELEASE\DIALOGLOGALARM.OBJ
D:\LED_DISPLAYINSPECT\LED_DISPLAYINSPECT_20170109_0\RELEASE\DIALOGMANUAL.OBJ
D:\LED_DISPLAYINSPECT\LED_DISPLAYINSPECT_20170109_0\RELEASE\DIALOGMODEL.OBJ
D:\LED_DISPLAYINSPECT\LED_DISPLAYINSPECT_20170109_0\RELEASE\DIALOGNGVIEW.OBJ
D:\LED_DISPLAYINSPECT\LED_DISPLAYINSPECT_20170109_0\RELEASE\DIALOGNUMBERBOX.OBJ
D:\LED_DISPLAYINSPECT\LED_DISPLAYINSPECT_20170109_0\RELEASE\DIALOGPARAMETERLOCK.OBJ
D:\LED_DISPLAYINSPECT\LED_DISPLAYINSPECT_20170109_0\RELEASE\DIALOGPROCESSBAR.OBJ
D:\LED_DISPLAYINSPECT\LED_DISPLAYINSPECT_20170109_0\RELEASE\DIALOGTEACH.OBJ
D:\LED_DISPLAYINSPECT\LED_DISPLAYINSPECT_20170109_0\RELEASE\DIALOGTEXTBOX.OBJ
D:\LED_DISPLAYINSPECT\LED_DISPLAYINSPECT_20170109_0\RELEASE\DIALOGVERIFY.OBJ
D:\LED_DISPLAYINSPECT\LED_DISPLAYINSPECT_20170109_0\RELEASE\DRECT.OBJ
D:\LED_DISPLAYINSPECT\LED_DISPLAYINSPECT_20170109_0\RELEASE\LED_DISPLAYINSPECT.EXE
D:\LED_DISPLAYINSPECT\LED_DISPLAYINSPECT_20170109_0\RELEASE\LED_DISPLAYINSPECT.EXE.INTERMEDIATE.MANIFEST
D:\LED_DisplayInspect\LED_DisplayInspect_20170109_0\Release\LED_DisplayInspect.exp
D:\LED_DisplayInspect\LED_DisplayInspect_20170109_0\Release\LED_DisplayInspect.lib
D:\LED_DISPLAYINSPECT\LED_DISPLAYINSPECT_20170109_0\RELEASE\LED_DISPLAYINSPECT.OBJ
D:\LED_DISPLAYINSPECT\LED_DISPLAYINSPECT_20170109_0\RELEASE\LED_DISPLAYINSPECT.PCH
D:\LED_DISPLAYINSPECT\LED_DISPLAYINSPECT_20170109_0\RELEASE\LED_DISPLAYINSPECT.PDB
D:\LED_DISPLAYINSPECT\LED_DISPLAYINSPECT_20170109_0\RELEASE\LED_DISPLAYINSPECT.RES
D:\LED_DISPLAYINSPECT\LED_DISPLAYINSPECT_20170109_0\RELEASE\LED_DISPLAYINSPECTDLG.OBJ
D:\LED_DISPLAYINSPECT\LED_DISPLAYINSPECT_20170109_0\RELEASE\MILMANAGE.OBJ
D:\LED_DISPLAYINSPECT\LED_DISPLAYINSPECT_20170109_0\RELEASE\MYCUG.OBJ
D:\LED_DISPLAYINSPECT\LED_DISPLAYINSPECT_20170109_0\RELEASE\SERIALPORT.OBJ
D:\LED_DISPLAYINSPECT\LED_DISPLAYINSPECT_20170109_0\RELEASE\STDAFX.OBJ
D:\LED_DISPLAYINSPECT\LED_DISPLAYINSPECT_20170109_0\RELEASE\UGCBTYPE.OBJ
D:\LED_DISPLAYINSPECT\LED_DISPLAYINSPECT_20170109_0\RELEASE\UGCELL.OBJ
D:\LED_DISPLAYINSPECT\LED_DISPLAYINSPECT_20170109_0\RELEASE\UGCELTYP.OBJ
D:\LED_DISPLAYINSPECT\LED_DISPLAYINSPECT_20170109_0\RELEASE\UGCNRBTN.OBJ
D:\LED_DISPLAYINSPECT\LED_DISPLAYINSPECT_20170109_0\RELEASE\UGCTARRW.OBJ
D:\LED_DISPLAYINSPECT\LED_DISPLAYINSPECT_20170109_0\RELEASE\UGCTRL.OBJ
D:\LED_DISPLAYINSPECT\LED_DISPLAYINSPECT_20170109_0\RELEASE\UGDLTYPE.OBJ
D:\LED_DISPLAYINSPECT\LED_DISPLAYINSPECT_20170109_0\RELEASE\UGDRGDRP.OBJ
D:\LED_DISPLAYINSPECT\LED_DISPLAYINSPECT_20170109_0\RELEASE\UGDRWHNT.OBJ
D:\LED_DISPLAYINSPECT\LED_DISPLAYINSPECT_20170109_0\RELEASE\UGDTASRC.OBJ
D:\LED_DISPLAYINSPECT\LED_DISPLAYINSPECT_20170109_0\RELEASE\UGEDIT.OBJ
D:\LED_DISPLAYINSPECT\LED_DISPLAYINSPECT_20170109_0\RELEASE\UGEDITBASE.OBJ
D:\LED_DISPLAYINSPECT\LED_DISPLAYINSPECT_20170109_0\RELEASE\UGFORMAT.OBJ
D:\LED_DISPLAYINSPECT\LED_DISPLAYINSPECT_20170109_0\RELEASE\UGGDINFO.OBJ
D:\LED_DISPLAYINSPECT\LED_DISPLAYINSPECT_20170109_0\RELEASE\UGGRID.OBJ
D:\LED_DISPLAYINSPECT\LED_DISPLAYINSPECT_20170109_0\RELEASE\UGHINT.OBJ
D:\LED_DISPLAYINSPECT\LED_DISPLAYINSPECT_20170109_0\RELEASE\UGHSCROL.OBJ
D:\LED_DISPLAYINSPECT\LED_DISPLAYINSPECT_20170109_0\RELEASE\UGLSTBOX.OBJ
D:\LED_DISPLAYINSPECT\LED_DISPLAYINSPECT_20170109_0\RELEASE\UGMEDIT.OBJ
D:\LED_DISPLAYINSPECT\LED_DISPLAYINSPECT_20170109_0\RELEASE\UGMEMMAN.OBJ
D:\LED_DISPLAYINSPECT\LED_DISPLAYINSPECT_20170109_0\RELEASE\UGMULTIS.OBJ
D:\LED_DISPLAYINSPECT\LED_DISPLAYINSPECT_20170109_0\RELEASE\UGPRINT.OBJ
D:\LED_DISPLAYINSPECT\LED_DISPLAYINSPECT_20170109_0\RELEASE\UGPTRLST.OBJ
D:\LED_DISPLAYINSPECT\LED_DISPLAYINSPECT_20170109_0\RELEASE\UGSIDEHD.OBJ
D:\LED_DISPLAYINSPECT\LED_DISPLAYINSPECT_20170109_0\RELEASE\UGSTROP.OBJ
D:\LED_DISPLAYINSPECT\LED_DISPLAYINSPECT_20170109_0\RELEASE\UGTAB.OBJ
D:\LED_DISPLAYINSPECT\LED_DISPLAYINSPECT_20170109_0\RELEASE\UGTOPHDG.OBJ
D:\LED_DISPLAYINSPECT\LED_DISPLAYINSPECT_20170109_0\RELEASE\UGVSCROL.OBJ
D:\LED_DISPLAYINSPECT\LED_DISPLAYINSPECT_20170109_0\RELEASE\UGXPTHEMES.OBJ
D:\LED_DISPLAYINSPECT\LED_DISPLAYINSPECT_20170109_0\RELEASE\VC100.PDB
D:\Project\디지티\LED_DisplayInspect\Release\_CtrlTracker.obj
D:\Project\디지티\LED_DisplayInspect\Release\BaslerManage.obj
D:\Project\디지티\LED_DisplayInspect\Release\btnenh.obj
D:\Project\디지티\LED_DisplayInspect\Release\cl.command.1.tlog
D:\Project\디지티\LED_DisplayInspect\Release\CL.read.1.tlog
D:\Project\디지티\LED_DisplayInspect\Release\CL.write.1.tlog
D:\Project\디지티\LED_DisplayInspect\Release\DialogChangePassword.obj
D:\Project\디지티\LED_DisplayInspect\Release\DialogData.obj
D:\Project\디지티\LED_DisplayInspect\Release\DialogImageRect.obj
D:\Project\디지티\LED_DisplayInspect\Release\DialogJog.obj
D:\Project\디지티\LED_DisplayInspect\Release\DialogLogAlarm.obj
D:\Project\디지티\LED_DisplayInspect\Release\DialogManual.obj
D:\Project\디지티\LED_DisplayInspect\Release\DialogModel.obj
D:\Project\디지티\LED_DisplayInspect\Release\DialogNgView.obj
D:\Project\디지티\LED_DisplayInspect\Release\DialogNumberBox.obj
D:\Project\디지티\LED_DisplayInspect\Release\DialogParameterLock.obj
D:\Project\디지티\LED_DisplayInspect\Release\DialogProcessBar.obj
D:\Project\디지티\LED_DisplayInspect\Release\DialogTeach.obj
D:\Project\디지티\LED_DisplayInspect\Release\DialogTextBox.obj
D:\Project\디지티\LED_DisplayInspect\Release\DialogVerify.obj
D:\Project\디지티\LED_DisplayInspect\Release\dRect.obj
D:\Project\디지티\LED_DisplayInspect\Release\LED_DisplayInspect.exe
D:\Project\디지티\LED_DisplayInspect\Release\LED_DisplayInspect.exe.intermediate.manifest
D:\Project\디지티\LED_DisplayInspect\Release\LED_DisplayInspect.exp
D:\Project\디지티\LED_DisplayInspect\Release\LED_DisplayInspect.obj
D:\Project\디지티\LED_DisplayInspect\Release\LED_DisplayInspect.pch
D:\Project\디지티\LED_DisplayInspect\Release\LED_DisplayInspect.pdb
D:\Project\디지티\LED_DisplayInspect\Release\LED_DisplayInspect.res
D:\Project\디지티\LED_DisplayInspect\Release\LED_DisplayInspect.vcxprojResolveAssemblyReference.cache
D:\Project\디지티\LED_DisplayInspect\Release\LED_DisplayInspect.write.1.tlog
D:\Project\디지티\LED_DisplayInspect\Release\LED_DisplayInspectDlg.obj
D:\Project\디지티\LED_DisplayInspect\Release\link.command.1.tlog
D:\Project\디지티\LED_DisplayInspect\Release\link.read.1.tlog
D:\Project\디지티\LED_DisplayInspect\Release\link.write.1.tlog
D:\Project\디지티\LED_DisplayInspect\Release\link-cvtres.read.1.tlog
D:\Project\디지티\LED_DisplayInspect\Release\link-cvtres.write.1.tlog
D:\Project\디지티\LED_DisplayInspect\Release\MilManage.obj
D:\Project\디지티\LED_DisplayInspect\Release\mt.command.1.tlog
D:\Project\디지티\LED_DisplayInspect\Release\mt.read.1.tlog
D:\Project\디지티\LED_DisplayInspect\Release\mt.write.1.tlog
D:\Project\디지티\LED_DisplayInspect\Release\MyCUG.obj
D:\Project\디지티\LED_DisplayInspect\Release\rc.command.1.tlog
D:\Project\디지티\LED_DisplayInspect\Release\rc.read.1.tlog
D:\Project\디지티\LED_DisplayInspect\Release\rc.write.1.tlog
D:\Project\디지티\LED_DisplayInspect\Release\SerialPort.obj
D:\Project\디지티\LED_DisplayInspect\Release\stdafx.obj
D:\Project\디지티\LED_DisplayInspect\Release\UGCBType.obj
D:\Project\디지티\LED_DisplayInspect\Release\UGCell.obj
D:\Project\디지티\LED_DisplayInspect\Release\UGCelTyp.obj
D:\Project\디지티\LED_DisplayInspect\Release\UGCnrBtn.obj
D:\Project\디지티\LED_DisplayInspect\Release\UGCTarrw.obj
D:\Project\디지티\LED_DisplayInspect\Release\UGCtrl.obj
D:\Project\디지티\LED_DisplayInspect\Release\UGDLType.obj
D:\Project\디지티\LED_DisplayInspect\Release\UGDrgDrp.obj
D:\Project\디지티\LED_DisplayInspect\Release\UGDrwHnt.obj
D:\Project\디지티\LED_DisplayInspect\Release\UGDtaSrc.obj
D:\Project\디지티\LED_DisplayInspect\Release\UGEdit.obj
D:\Project\디지티\LED_DisplayInspect\Release\UGEditBase.obj
D:\Project\디지티\LED_DisplayInspect\Release\ugformat.obj
D:\Project\디지티\LED_DisplayInspect\Release\uggdinfo.obj
D:\Project\디지티\LED_DisplayInspect\Release\UGGrid.obj
D:\Project\디지티\LED_DisplayInspect\Release\UGHint.obj
D:\Project\디지티\LED_DisplayInspect\Release\ughscrol.obj
D:\Project\디지티\LED_DisplayInspect\Release\ugLstBox.obj
D:\Project\디지티\LED_DisplayInspect\Release\UGMEdit.obj
D:\Project\디지티\LED_DisplayInspect\Release\UGMemMan.obj
D:\Project\디지티\LED_DisplayInspect\Release\UGMultiS.obj
D:\Project\디지티\LED_DisplayInspect\Release\ugprint.obj
D:\Project\디지티\LED_DisplayInspect\Release\ugptrlst.obj
D:\Project\디지티\LED_DisplayInspect\Release\ugsidehd.obj
D:\Project\디지티\LED_DisplayInspect\Release\UGStrOp.obj
D:\Project\디지티\LED_DisplayInspect\Release\ugtab.obj
D:\Project\디지티\LED_DisplayInspect\Release\UGTopHdg.obj
D:\Project\디지티\LED_DisplayInspect\Release\ugvscrol.obj
D:\Project\디지티\LED_DisplayInspect\Release\UGXPThemes.obj
D:\Project\디지티\LED_DisplayInspect\Release\vc100.pdb
